<?xml version="1.0" encoding="UTF-8"?>
<!-- Generated by org.testng.reporters.JUnitReportReporter -->
<testsuite hostname="DESKTOP-P6FUNML" name="com.crm.qa.testcases.LoginPageTest" tests="2" failures="0" timestamp="11 Jun 2020 11:06:13 GMT" time="48.990" errors="0">
  <testcase name="crmLogoImageTest" time="22.051" classname="com.crm.qa.testcases.LoginPageTest"/>
  <testcase name="loginTest" time="26.939" classname="com.crm.qa.testcases.LoginPageTest"/>
</testsuite> <!-- com.crm.qa.testcases.LoginPageTest -->
